<?xml version="1.0" encoding="UTF-8"?>
<!-- Generated by org.testng.reporters.JUnitReportReporter -->
<testsuite hostname="DESKTOP-JFALR25" failures="0" tests="2" name="testPack.FlipcartTestNg" time="89.886" errors="0" timestamp="2022-09-23T12:09:14 IST" skipped="0">
  <testcase classname="testPack.FlipcartTestNg" name="test1" time="34.288"/>
  <system-out/>
  <testcase classname="testPack.FlipcartTestNg" name="test1" time="55.598"/>
  <system-out/>
</testsuite> <!-- testPack.FlipcartTestNg -->
