<?xml version="1.0" encoding="UTF-8"?>
<!-- Generated by org.testng.reporters.JUnitReportReporter -->
<testsuite hostname="DESKTOP-JFALR25" failures="0" tests="2" name="testPack.TestNgpractice" time="66.419" errors="0" timestamp="2022-09-23T12:09:14 IST" skipped="0">
  <testcase classname="testPack.TestNgpractice" name="test" time="39.000"/>
  <system-out/>
  <testcase classname="testPack.TestNgpractice" name="test" time="27.419"/>
  <system-out/>
</testsuite> <!-- testPack.TestNgpractice -->
