<?xml version="1.0" encoding="UTF-8"?>
<!-- Generated by org.testng.reporters.JUnitReportReporter -->
<testsuite hostname="DESKTOP-JFALR25" failures="0" tests="1" name="starhealthTest.starpractice" time="41.207" errors="0" timestamp="2022-09-22T18:45:50 IST" skipped="0">
  <testcase classname="starhealthTest.starpractice" name="test" time="41.207"/>
  <system-out/>
</testsuite> <!-- starhealthTest.starpractice -->
