<?xml version="1.0" encoding="UTF-8"?>
<!-- Generated by org.testng.reporters.JUnitReportReporter -->
<testsuite hostname="DESKTOP-JFALR25" failures="0" tests="2" name="instagramTest.InstagramTestNg" time="1.367" errors="0" timestamp="2022-09-21T23:59:55 IST" skipped="0">
  <testcase classname="instagramTest.InstagramTestNg" name="test" time="1.077"/>
  <system-out/>
  <testcase classname="instagramTest.InstagramTestNg" name="test2" time="0.290"/>
  <system-out/>
</testsuite> <!-- instagramTest.InstagramTestNg -->
